<?xml version="1.0" encoding="UTF-8"?>
<!-- Generated by org.testng.reporters.JUnitXMLReporter -->
<testsuite hostname="ASUS-PC" name="Default test" tests="6" failures="0" timestamp="10 Jun 2020 21:09:17 GMT" time="0.094" errors="0">
  <testcase name="demo" time="0.016" classname="testngworks.TestNgGrouping"/>
  <testcase name="demo1" time="0.016" classname="testngworks.TestNgGrouping"/>
  <testcase name="logIn" time="0.0" classname="testngworks.TestNgGrouping"/>
  <testcase name="test1" time="0.0" classname="testngworks.TestNgGrouping"/>
  <testcase name="test2" time="0.015" classname="testngworks.TestNgGrouping"/>
  <testcase name="test3" time="0.0" classname="testngworks.TestNgGrouping"/>
</testsuite> <!-- Default test -->
